<?xml version="1.0" encoding="UTF-8"?>
<!-- Generated by org.testng.reporters.JUnitReportReporter -->
<testsuite name="core.SurfireTest" tests="1" time="0.016" ignored="0" failures="0" timestamp="16 Feb 2017 18:33:00 GMT" skipped="0" hostname="DmitryFRAMEWORK" errors="0">
  <testcase name="test_case001" time="0.016" classname="core.SurfireTest"/>
</testsuite> <!-- core.SurfireTest -->
